0 info it worked if it ends with ok
1 verbose cli [ '/usr/local/Cellar/node/6.3.1/bin/node',
1 verbose cli   '/Users/adamsmallcomb/.node/bin/npm',
1 verbose cli   'start' ]
2 info using npm@2.1.4
3 info using node@v6.3.1
4 verbose stack Error: ENOENT: no such file or directory, open '/Library/WebServer/Documents/table/berryTableViewer/package.json'
4 verbose stack     at Error (native)
5 verbose cwd /Library/WebServer/Documents/table/berryTableViewer
6 error Darwin 15.3.0
7 error argv "/usr/local/Cellar/node/6.3.1/bin/node" "/Users/adamsmallcomb/.node/bin/npm" "start"
8 error node v6.3.1
9 error npm  v2.1.4
10 error path /Library/WebServer/Documents/table/berryTableViewer/package.json
11 error code ENOENT
12 error errno -2
13 error syscall open
14 error ENOENT: no such file or directory, open '/Library/WebServer/Documents/table/berryTableViewer/package.json'
15 error If you need help, you may report this error at:
15 error     <http://github.com/npm/npm/issues>
16 verbose exit [ -2, true ]
